<?xml version="1.0" encoding="UTF-8"?>
<!-- Generated by org.testng.reporters.JUnitXMLReporter -->
<testsuite hostname="Murthys-MBP.fios-router.home" name="Command line test" tests="16" failures="2" timestamp="28 Oct 2016 13:52:23 GMT" time="17.634" errors="0">
  <testcase name="lookupExistingUser" time="1.426" classname="com.l1.interop.DirectoryFunctionalTest"/>
  <testcase name="lookupExistingUser" time="0.225" classname="com.l1.interop.DirectoryFunctionalTest"/>
  <testcase name="lookupNonExistingUser" time="0.21" classname="com.l1.interop.DirectoryFunctionalTest"/>
  <testcase name="accounts" time="0.299" classname="com.l1.interop.ILPLedgerAdapterFunctionalTest"/>
  <testcase name="createNewAccount" time="0.184" classname="com.l1.interop.ILPLedgerAdapterFunctionalTest"/>
  <testcase name="executePreparedTransfer" time="0.696" classname="com.l1.interop.ILPLedgerAdapterFunctionalTest">
    <failure type="java.lang.AssertionError" message="1 expectation failed.
Expected status code &amp;lt;201&amp;gt; doesn&amp;apos;t match actual status code &amp;lt;200&amp;gt;.
">
      <![CDATA[java.lang.AssertionError: 1 expectation failed.
Expected status code <201> doesn't match actual status code <200>.

	at org.codehaus.groovy.runtime.callsite.ConstructorSite$ConstructorSiteNoUnwrap.callConstructor(ConstructorSite.java:84)
	at org.codehaus.groovy.runtime.callsite.CallSiteArray.defaultCallConstructor(CallSiteArray.java:60)
	at org.codehaus.groovy.runtime.callsite.AbstractCallSite.callConstructor(AbstractCallSite.java:235)
	at org.codehaus.groovy.runtime.callsite.AbstractCallSite.callConstructor(AbstractCallSite.java:247)
	at com.jayway.restassured.internal.ResponseSpecificationImpl$HamcrestAssertionClosure.validate(ResponseSpecificationImpl.groovy:598)
	at com.jayway.restassured.internal.ResponseSpecificationImpl$HamcrestAssertionClosure$validate$1.call(Unknown Source)
	at com.jayway.restassured.internal.ResponseSpecificationImpl.validateResponseIfRequired(ResponseSpecificationImpl.groovy:760)
	at org.codehaus.groovy.runtime.callsite.PogoMetaMethodSite$PogoCachedMethodSiteNoUnwrapNoCoerce.invoke(PogoMetaMethodSite.java:210)
	at org.codehaus.groovy.runtime.callsite.PogoMetaMethodSite.callCurrent(PogoMetaMethodSite.java:59)
	at org.codehaus.groovy.runtime.callsite.AbstractCallSite.callCurrent(AbstractCallSite.java:166)
	at com.jayway.restassured.internal.ResponseSpecificationImpl.statusCode(ResponseSpecificationImpl.groovy:120)
	at com.jayway.restassured.specification.ResponseSpecification$statusCode$0.callCurrent(Unknown Source)
	at com.jayway.restassured.internal.ResponseSpecificationImpl.statusCode(ResponseSpecificationImpl.groovy:128)
	at com.jayway.restassured.internal.ValidatableResponseOptionsImpl.statusCode(ValidatableResponseOptionsImpl.java:117)
	at com.l1.interop.ILPLedgerAdapterFunctionalTest.executePreparedTransfer(ILPLedgerAdapterFunctionalTest.java:189)
... Removed 44 stack frames]]>
    </failure>
  </testcase> <!-- executePreparedTransfer -->
  <testcase name="prepareTransferForExistingUsers" time="0.772" classname="com.l1.interop.ILPLedgerAdapterFunctionalTest">
    <failure type="java.lang.AssertionError" message="1 expectation failed.
JSON path state doesn&amp;apos;t match.
Expected: proposed
  Actual: prepared
">
      <![CDATA[java.lang.AssertionError: 1 expectation failed.
JSON path state doesn't match.
Expected: proposed
  Actual: prepared

	at org.codehaus.groovy.runtime.callsite.ConstructorSite$ConstructorSiteNoUnwrap.callConstructor(ConstructorSite.java:84)
	at org.codehaus.groovy.runtime.callsite.AbstractCallSite.callConstructor(AbstractCallSite.java:247)
	at com.jayway.restassured.internal.ResponseSpecificationImpl$HamcrestAssertionClosure.validate(ResponseSpecificationImpl.groovy:598)
	at com.jayway.restassured.internal.ResponseSpecificationImpl$HamcrestAssertionClosure$validate$1.call(Unknown Source)
	at com.jayway.restassured.internal.ResponseSpecificationImpl.validateResponseIfRequired(ResponseSpecificationImpl.groovy:760)
	at org.codehaus.groovy.runtime.callsite.PogoMetaMethodSite$PogoCachedMethodSiteNoUnwrapNoCoerce.invoke(PogoMetaMethodSite.java:210)
	at org.codehaus.groovy.runtime.callsite.PogoMetaMethodSite.callCurrent(PogoMetaMethodSite.java:59)
	at org.codehaus.groovy.runtime.callsite.AbstractCallSite.callCurrent(AbstractCallSite.java:166)
	at com.jayway.restassured.internal.ResponseSpecificationImpl.content(ResponseSpecificationImpl.groovy:251)
	at com.jayway.restassured.specification.ResponseSpecification$content$1.callCurrent(Unknown Source)
	at org.codehaus.groovy.runtime.callsite.CallSiteArray.defaultCallCurrent(CallSiteArray.java:52)
	at com.jayway.restassured.specification.ResponseSpecification$content$1.callCurrent(Unknown Source)
	at com.jayway.restassured.internal.ResponseSpecificationImpl.body(ResponseSpecificationImpl.groovy:234)
	at com.jayway.restassured.internal.ValidatableResponseOptionsImpl.body(ValidatableResponseOptionsImpl.java:264)
	at com.l1.interop.ILPLedgerAdapterFunctionalTest.prepareTransferForExistingUsers(ILPLedgerAdapterFunctionalTest.java:136)
... Removed 44 stack frames]]>
    </failure>
  </testcase> <!-- prepareTransferForExistingUsers -->
  <testcase name="paymentExistingReceiver" time="10.849" classname="com.l1.interop.SPSPClientProxyFunctionalTest"/>
  <testcase name="queryExistingReceiver" time="0.267" classname="com.l1.interop.SPSPClientProxyFunctionalTest"/>
  <testcase name="queryExistingReceiver" time="0.406" classname="com.l1.interop.SPSPClientProxyFunctionalTest"/>
  <testcase name="queryNonExistingReceiver" time="0.27" classname="com.l1.interop.SPSPClientProxyFunctionalTest"/>
  <testcase name="quoteSourceAmountForExistingReceiver" time="0.604" classname="com.l1.interop.SPSPClientProxyFunctionalTest"/>
  <testcase name="quoteSourceAmountForExistingReceiver" time="0.588" classname="com.l1.interop.SPSPClientProxyFunctionalTest"/>
  <testcase name="quoteSourceAmountForNonExistingReceiver" time="0.183" classname="com.l1.interop.SPSPClientProxyFunctionalTest"/>
  <testcase name="setUpExistingReceiver" time="0.373" classname="com.l1.interop.SPSPClientProxyFunctionalTest"/>
  <testcase name="setUpNonExistingReceiver" time="0.249" classname="com.l1.interop.SPSPClientProxyFunctionalTest"/>
</testsuite> <!-- Command line test -->
