<?xml version="1.0" encoding="UTF-8"?>
<!-- Generated by org.testng.reporters.JUnitXMLReporter -->
<testsuite hostname="Brians-iMac.local" name="Default test(failed)(failed)(failed)(failed)(failed)" tests="3" failures="3" timestamp="29 Nov 2016 21:09:47 GMT" time="4.645" errors="0">
  <testcase name="invoice_POST_ForValidInvoice_ShouldReceiveInvoiceDetailValidResponse" time="2.322" classname="com.l1.interop.SPSPClientProxyFunctionalTest">
    <failure type="java.lang.AssertionError" message="
Expected: not a string containing &amp;quot;Not Found&amp;quot;
     but: was &amp;quot;\&amp;quot;Not Found\&amp;quot;&amp;quot;">
      <![CDATA[java.lang.AssertionError: 
Expected: not a string containing "Not Found"
     but: was "\"Not Found\""
	at org.hamcrest.MatcherAssert.assertThat(MatcherAssert.java:20)
	at org.hamcrest.MatcherAssert.assertThat(MatcherAssert.java:8)
	at com.l1.interop.SPSPClientProxyFunctionalTest.invoice_POST_ForValidInvoice_ShouldReceiveInvoiceDetailValidResponse(SPSPClientProxyFunctionalTest.java:977)
... Removed 24 stack frames]]>
    </failure>
  </testcase> <!-- invoice_POST_ForValidInvoice_ShouldReceiveInvoiceDetailValidResponse -->
  <testcase name="invoice_POST_ForValidInvoice_ShouldReceiveInvoiceDetailValidResponse" time="0.713" classname="com.l1.interop.SPSPClientProxyFunctionalTest">
    <failure type="java.lang.AssertionError" message="
Expected: not a string containing &amp;quot;Not Found&amp;quot;
     but: was &amp;quot;\&amp;quot;Not Found\&amp;quot;&amp;quot;">
      <![CDATA[java.lang.AssertionError: 
Expected: not a string containing "Not Found"
     but: was "\"Not Found\""
	at org.hamcrest.MatcherAssert.assertThat(MatcherAssert.java:20)
	at org.hamcrest.MatcherAssert.assertThat(MatcherAssert.java:8)
	at com.l1.interop.SPSPClientProxyFunctionalTest.invoice_POST_ForValidInvoice_ShouldReceiveInvoiceDetailValidResponse(SPSPClientProxyFunctionalTest.java:977)
... Removed 24 stack frames]]>
    </failure>
  </testcase> <!-- invoice_POST_ForValidInvoice_ShouldReceiveInvoiceDetailValidResponse -->
  <testcase name="invoice_POST_ForValidInvoice_ShouldReceiveInvoiceDetailValidResponse" time="0.642" classname="com.l1.interop.SPSPClientProxyFunctionalTest">
    <failure type="java.lang.AssertionError" message="
Expected: not a string containing &amp;quot;Not Found&amp;quot;
     but: was &amp;quot;\&amp;quot;Not Found\&amp;quot;&amp;quot;">
      <![CDATA[java.lang.AssertionError: 
Expected: not a string containing "Not Found"
     but: was "\"Not Found\""
	at org.hamcrest.MatcherAssert.assertThat(MatcherAssert.java:20)
	at org.hamcrest.MatcherAssert.assertThat(MatcherAssert.java:8)
	at com.l1.interop.SPSPClientProxyFunctionalTest.invoice_POST_ForValidInvoice_ShouldReceiveInvoiceDetailValidResponse(SPSPClientProxyFunctionalTest.java:977)
... Removed 24 stack frames]]>
    </failure>
  </testcase> <!-- invoice_POST_ForValidInvoice_ShouldReceiveInvoiceDetailValidResponse -->
</testsuite> <!-- Default test(failed)(failed)(failed)(failed)(failed) -->
