<?xml version="1.0" encoding="UTF-8"?>
<testng-results skipped="0" failed="2" total="16" passed="14">
  <reporter-output>
  </reporter-output>
  <suite name="Command line suite" duration-ms="17634" started-at="2016-10-28T13:52:05Z" finished-at="2016-10-28T13:52:23Z">
    <groups>
    </groups>
    <test name="Command line test" duration-ms="17634" started-at="2016-10-28T13:52:05Z" finished-at="2016-10-28T13:52:23Z">
      <class name="com.l1.interop.ILPLedgerAdapterFunctionalTest">
        <test-method status="PASS" signature="beforeClass()[pri:0, instance:com.l1.interop.ILPLedgerAdapterFunctionalTest@9f70c54]" name="beforeClass" is-config="true" duration-ms="0" started-at="2016-10-28T09:52:07Z" finished-at="2016-10-28T09:52:07Z">
          <reporter-output>
          </reporter-output>
        </test-method> <!-- beforeClass -->
        <test-method status="PASS" signature="accounts()[pri:0, instance:com.l1.interop.ILPLedgerAdapterFunctionalTest@9f70c54]" name="accounts" duration-ms="299" started-at="2016-10-28T09:52:07Z" finished-at="2016-10-28T09:52:07Z">
          <reporter-output>
          </reporter-output>
        </test-method> <!-- accounts -->
        <test-method status="PASS" signature="createNewAccount(java.lang.String, java.lang.String)[pri:0, instance:com.l1.interop.ILPLedgerAdapterFunctionalTest@9f70c54]" name="createNewAccount" duration-ms="184" started-at="2016-10-28T09:52:07Z" data-provider="ledgeradapter_positive" finished-at="2016-10-28T09:52:08Z">
          <params>
            <param index="0">
              <value>
                <![CDATA[bob]]>
              </value>
            </param>
            <param index="1">
              <value>
                <![CDATA[alice]]>
              </value>
            </param>
          </params>
          <reporter-output>
          </reporter-output>
        </test-method> <!-- createNewAccount -->
        <test-method status="FAIL" signature="executePreparedTransfer(java.lang.String, java.lang.String)[pri:0, instance:com.l1.interop.ILPLedgerAdapterFunctionalTest@9f70c54]" name="executePreparedTransfer" duration-ms="696" started-at="2016-10-28T09:52:08Z" data-provider="ledgeradapter_positive" finished-at="2016-10-28T09:52:08Z">
          <params>
            <param index="0">
              <value>
                <![CDATA[bob]]>
              </value>
            </param>
            <param index="1">
              <value>
                <![CDATA[alice]]>
              </value>
            </param>
          </params>
          <exception class="java.lang.AssertionError">
            <message>
              <![CDATA[1 expectation failed.
Expected status code <201> doesn't match actual status code <200>.
]]>
            </message>
            <full-stacktrace>
              <![CDATA[java.lang.AssertionError: 1 expectation failed.
Expected status code <201> doesn't match actual status code <200>.

	at sun.reflect.NativeConstructorAccessorImpl.newInstance0(Native Method)
	at sun.reflect.NativeConstructorAccessorImpl.newInstance(NativeConstructorAccessorImpl.java:62)
	at sun.reflect.DelegatingConstructorAccessorImpl.newInstance(DelegatingConstructorAccessorImpl.java:45)
	at java.lang.reflect.Constructor.newInstance(Constructor.java:423)
	at org.codehaus.groovy.reflection.CachedConstructor.invoke(CachedConstructor.java:80)
	at org.codehaus.groovy.reflection.CachedConstructor.doConstructorInvoke(CachedConstructor.java:74)
	at org.codehaus.groovy.runtime.callsite.ConstructorSite$ConstructorSiteNoUnwrap.callConstructor(ConstructorSite.java:84)
	at org.codehaus.groovy.runtime.callsite.CallSiteArray.defaultCallConstructor(CallSiteArray.java:60)
	at org.codehaus.groovy.runtime.callsite.AbstractCallSite.callConstructor(AbstractCallSite.java:235)
	at org.codehaus.groovy.runtime.callsite.AbstractCallSite.callConstructor(AbstractCallSite.java:247)
	at com.jayway.restassured.internal.ResponseSpecificationImpl$HamcrestAssertionClosure.validate(ResponseSpecificationImpl.groovy:598)
	at com.jayway.restassured.internal.ResponseSpecificationImpl$HamcrestAssertionClosure$validate$1.call(Unknown Source)
	at com.jayway.restassured.internal.ResponseSpecificationImpl.validateResponseIfRequired(ResponseSpecificationImpl.groovy:760)
	at sun.reflect.NativeMethodAccessorImpl.invoke0(Native Method)
	at sun.reflect.NativeMethodAccessorImpl.invoke(NativeMethodAccessorImpl.java:62)
	at sun.reflect.DelegatingMethodAccessorImpl.invoke(DelegatingMethodAccessorImpl.java:43)
	at java.lang.reflect.Method.invoke(Method.java:498)
	at org.codehaus.groovy.runtime.callsite.PogoMetaMethodSite$PogoCachedMethodSiteNoUnwrapNoCoerce.invoke(PogoMetaMethodSite.java:210)
	at org.codehaus.groovy.runtime.callsite.PogoMetaMethodSite.callCurrent(PogoMetaMethodSite.java:59)
	at org.codehaus.groovy.runtime.callsite.AbstractCallSite.callCurrent(AbstractCallSite.java:166)
	at com.jayway.restassured.internal.ResponseSpecificationImpl.statusCode(ResponseSpecificationImpl.groovy:120)
	at com.jayway.restassured.specification.ResponseSpecification$statusCode$0.callCurrent(Unknown Source)
	at com.jayway.restassured.internal.ResponseSpecificationImpl.statusCode(ResponseSpecificationImpl.groovy:128)
	at com.jayway.restassured.internal.ValidatableResponseOptionsImpl.statusCode(ValidatableResponseOptionsImpl.java:117)
	at com.l1.interop.ILPLedgerAdapterFunctionalTest.executePreparedTransfer(ILPLedgerAdapterFunctionalTest.java:189)
	at sun.reflect.NativeMethodAccessorImpl.invoke0(Native Method)
	at sun.reflect.NativeMethodAccessorImpl.invoke(NativeMethodAccessorImpl.java:62)
	at sun.reflect.DelegatingMethodAccessorImpl.invoke(DelegatingMethodAccessorImpl.java:43)
	at java.lang.reflect.Method.invoke(Method.java:498)
	at org.testng.internal.MethodInvocationHelper.invokeMethod(MethodInvocationHelper.java:84)
	at org.testng.internal.Invoker.invokeMethod(Invoker.java:714)
	at org.testng.internal.Invoker.invokeTestMethod(Invoker.java:901)
	at org.testng.internal.Invoker.invokeTestMethods(Invoker.java:1231)
	at org.testng.internal.TestMethodWorker.invokeTestMethods(TestMethodWorker.java:127)
	at org.testng.internal.TestMethodWorker.run(TestMethodWorker.java:111)
	at org.testng.TestRunner.privateRun(TestRunner.java:767)
	at org.testng.TestRunner.run(TestRunner.java:617)
	at org.testng.SuiteRunner.runTest(SuiteRunner.java:348)
	at org.testng.SuiteRunner.runSequentially(SuiteRunner.java:343)
	at org.testng.SuiteRunner.privateRun(SuiteRunner.java:305)
	at org.testng.SuiteRunner.run(SuiteRunner.java:254)
	at org.testng.SuiteRunnerWorker.runSuite(SuiteRunnerWorker.java:52)
	at org.testng.SuiteRunnerWorker.run(SuiteRunnerWorker.java:86)
	at org.testng.TestNG.runSuitesSequentially(TestNG.java:1224)
	at org.testng.TestNG.runSuitesLocally(TestNG.java:1149)
	at org.testng.TestNG.run(TestNG.java:1057)
	at org.apache.maven.surefire.testng.TestNGExecutor.run(TestNGExecutor.java:77)
	at org.apache.maven.surefire.testng.TestNGDirectoryTestSuite.executeMulti(TestNGDirectoryTestSuite.java:159)
	at org.apache.maven.surefire.testng.TestNGDirectoryTestSuite.execute(TestNGDirectoryTestSuite.java:99)
	at org.apache.maven.surefire.testng.TestNGProvider.invoke(TestNGProvider.java:106)
	at sun.reflect.NativeMethodAccessorImpl.invoke0(Native Method)
	at sun.reflect.NativeMethodAccessorImpl.invoke(NativeMethodAccessorImpl.java:62)
	at sun.reflect.DelegatingMethodAccessorImpl.invoke(DelegatingMethodAccessorImpl.java:43)
	at java.lang.reflect.Method.invoke(Method.java:498)
	at org.apache.maven.surefire.util.ReflectionUtils.invokeMethodWithArray(ReflectionUtils.java:189)
	at org.apache.maven.surefire.booter.ProviderFactory$ProviderProxy.invoke(ProviderFactory.java:165)
	at org.apache.maven.surefire.booter.ProviderFactory.invokeProvider(ProviderFactory.java:85)
	at org.apache.maven.surefire.booter.ForkedBooter.runSuitesInProcess(ForkedBooter.java:115)
	at org.apache.maven.surefire.booter.ForkedBooter.main(ForkedBooter.java:75)
]]>
            </full-stacktrace>
          </exception> <!-- java.lang.AssertionError -->
          <reporter-output>
          </reporter-output>
        </test-method> <!-- executePreparedTransfer -->
        <test-method status="FAIL" signature="prepareTransferForExistingUsers(java.lang.String, java.lang.String)[pri:0, instance:com.l1.interop.ILPLedgerAdapterFunctionalTest@9f70c54]" name="prepareTransferForExistingUsers" duration-ms="772" started-at="2016-10-28T09:52:08Z" data-provider="ledgeradapter_positive" finished-at="2016-10-28T09:52:09Z">
          <params>
            <param index="0">
              <value>
                <![CDATA[bob]]>
              </value>
            </param>
            <param index="1">
              <value>
                <![CDATA[alice]]>
              </value>
            </param>
          </params>
          <exception class="java.lang.AssertionError">
            <message>
              <![CDATA[1 expectation failed.
JSON path state doesn't match.
Expected: proposed
  Actual: prepared
]]>
            </message>
            <full-stacktrace>
              <![CDATA[java.lang.AssertionError: 1 expectation failed.
JSON path state doesn't match.
Expected: proposed
  Actual: prepared

	at sun.reflect.NativeConstructorAccessorImpl.newInstance0(Native Method)
	at sun.reflect.NativeConstructorAccessorImpl.newInstance(NativeConstructorAccessorImpl.java:62)
	at sun.reflect.DelegatingConstructorAccessorImpl.newInstance(DelegatingConstructorAccessorImpl.java:45)
	at java.lang.reflect.Constructor.newInstance(Constructor.java:423)
	at org.codehaus.groovy.reflection.CachedConstructor.invoke(CachedConstructor.java:80)
	at org.codehaus.groovy.reflection.CachedConstructor.doConstructorInvoke(CachedConstructor.java:74)
	at org.codehaus.groovy.runtime.callsite.ConstructorSite$ConstructorSiteNoUnwrap.callConstructor(ConstructorSite.java:84)
	at org.codehaus.groovy.runtime.callsite.AbstractCallSite.callConstructor(AbstractCallSite.java:247)
	at com.jayway.restassured.internal.ResponseSpecificationImpl$HamcrestAssertionClosure.validate(ResponseSpecificationImpl.groovy:598)
	at com.jayway.restassured.internal.ResponseSpecificationImpl$HamcrestAssertionClosure$validate$1.call(Unknown Source)
	at com.jayway.restassured.internal.ResponseSpecificationImpl.validateResponseIfRequired(ResponseSpecificationImpl.groovy:760)
	at sun.reflect.NativeMethodAccessorImpl.invoke0(Native Method)
	at sun.reflect.NativeMethodAccessorImpl.invoke(NativeMethodAccessorImpl.java:62)
	at sun.reflect.DelegatingMethodAccessorImpl.invoke(DelegatingMethodAccessorImpl.java:43)
	at java.lang.reflect.Method.invoke(Method.java:498)
	at org.codehaus.groovy.runtime.callsite.PogoMetaMethodSite$PogoCachedMethodSiteNoUnwrapNoCoerce.invoke(PogoMetaMethodSite.java:210)
	at org.codehaus.groovy.runtime.callsite.PogoMetaMethodSite.callCurrent(PogoMetaMethodSite.java:59)
	at org.codehaus.groovy.runtime.callsite.AbstractCallSite.callCurrent(AbstractCallSite.java:166)
	at com.jayway.restassured.internal.ResponseSpecificationImpl.content(ResponseSpecificationImpl.groovy:251)
	at com.jayway.restassured.specification.ResponseSpecification$content$1.callCurrent(Unknown Source)
	at org.codehaus.groovy.runtime.callsite.CallSiteArray.defaultCallCurrent(CallSiteArray.java:52)
	at com.jayway.restassured.specification.ResponseSpecification$content$1.callCurrent(Unknown Source)
	at com.jayway.restassured.internal.ResponseSpecificationImpl.body(ResponseSpecificationImpl.groovy:234)
	at com.jayway.restassured.internal.ValidatableResponseOptionsImpl.body(ValidatableResponseOptionsImpl.java:264)
	at com.l1.interop.ILPLedgerAdapterFunctionalTest.prepareTransferForExistingUsers(ILPLedgerAdapterFunctionalTest.java:136)
	at sun.reflect.NativeMethodAccessorImpl.invoke0(Native Method)
	at sun.reflect.NativeMethodAccessorImpl.invoke(NativeMethodAccessorImpl.java:62)
	at sun.reflect.DelegatingMethodAccessorImpl.invoke(DelegatingMethodAccessorImpl.java:43)
	at java.lang.reflect.Method.invoke(Method.java:498)
	at org.testng.internal.MethodInvocationHelper.invokeMethod(MethodInvocationHelper.java:84)
	at org.testng.internal.Invoker.invokeMethod(Invoker.java:714)
	at org.testng.internal.Invoker.invokeTestMethod(Invoker.java:901)
	at org.testng.internal.Invoker.invokeTestMethods(Invoker.java:1231)
	at org.testng.internal.TestMethodWorker.invokeTestMethods(TestMethodWorker.java:127)
	at org.testng.internal.TestMethodWorker.run(TestMethodWorker.java:111)
	at org.testng.TestRunner.privateRun(TestRunner.java:767)
	at org.testng.TestRunner.run(TestRunner.java:617)
	at org.testng.SuiteRunner.runTest(SuiteRunner.java:348)
	at org.testng.SuiteRunner.runSequentially(SuiteRunner.java:343)
	at org.testng.SuiteRunner.privateRun(SuiteRunner.java:305)
	at org.testng.SuiteRunner.run(SuiteRunner.java:254)
	at org.testng.SuiteRunnerWorker.runSuite(SuiteRunnerWorker.java:52)
	at org.testng.SuiteRunnerWorker.run(SuiteRunnerWorker.java:86)
	at org.testng.TestNG.runSuitesSequentially(TestNG.java:1224)
	at org.testng.TestNG.runSuitesLocally(TestNG.java:1149)
	at org.testng.TestNG.run(TestNG.java:1057)
	at org.apache.maven.surefire.testng.TestNGExecutor.run(TestNGExecutor.java:77)
	at org.apache.maven.surefire.testng.TestNGDirectoryTestSuite.executeMulti(TestNGDirectoryTestSuite.java:159)
	at org.apache.maven.surefire.testng.TestNGDirectoryTestSuite.execute(TestNGDirectoryTestSuite.java:99)
	at org.apache.maven.surefire.testng.TestNGProvider.invoke(TestNGProvider.java:106)
	at sun.reflect.NativeMethodAccessorImpl.invoke0(Native Method)
	at sun.reflect.NativeMethodAccessorImpl.invoke(NativeMethodAccessorImpl.java:62)
	at sun.reflect.DelegatingMethodAccessorImpl.invoke(DelegatingMethodAccessorImpl.java:43)
	at java.lang.reflect.Method.invoke(Method.java:498)
	at org.apache.maven.surefire.util.ReflectionUtils.invokeMethodWithArray(ReflectionUtils.java:189)
	at org.apache.maven.surefire.booter.ProviderFactory$ProviderProxy.invoke(ProviderFactory.java:165)
	at org.apache.maven.surefire.booter.ProviderFactory.invokeProvider(ProviderFactory.java:85)
	at org.apache.maven.surefire.booter.ForkedBooter.runSuitesInProcess(ForkedBooter.java:115)
	at org.apache.maven.surefire.booter.ForkedBooter.main(ForkedBooter.java:75)
]]>
            </full-stacktrace>
          </exception> <!-- java.lang.AssertionError -->
          <reporter-output>
          </reporter-output>
        </test-method> <!-- prepareTransferForExistingUsers -->
      </class> <!-- com.l1.interop.ILPLedgerAdapterFunctionalTest -->
      <class name="com.l1.interop.SPSPClientProxyFunctionalTest">
        <test-method status="PASS" signature="paymentExistingReceiver()[pri:0, instance:com.l1.interop.SPSPClientProxyFunctionalTest@337d0578]" name="paymentExistingReceiver" duration-ms="10849" started-at="2016-10-28T09:52:09Z" finished-at="2016-10-28T09:52:20Z">
          <reporter-output>
          </reporter-output>
        </test-method> <!-- paymentExistingReceiver -->
        <test-method status="PASS" signature="beforeClass()[pri:0, instance:com.l1.interop.SPSPClientProxyFunctionalTest@337d0578]" name="beforeClass" is-config="true" duration-ms="0" started-at="2016-10-28T09:52:09Z" finished-at="2016-10-28T09:52:09Z">
          <reporter-output>
          </reporter-output>
        </test-method> <!-- beforeClass -->
        <test-method status="PASS" signature="queryExistingReceiver(java.lang.String, java.lang.String)[pri:0, instance:com.l1.interop.SPSPClientProxyFunctionalTest@337d0578]" name="queryExistingReceiver" duration-ms="267" started-at="2016-10-28T09:52:20Z" data-provider="spspclientproxy_query_positive" finished-at="2016-10-28T09:52:20Z">
          <params>
            <param index="0">
              <value>
                <![CDATA[Bob]]>
              </value>
            </param>
            <param index="1">
              <value>
                <![CDATA[http://ec2-52-37-54-209.us-west-2.compute.amazonaws.com:3046/v1/receivers/bob]]>
              </value>
            </param>
          </params>
          <reporter-output>
          </reporter-output>
        </test-method> <!-- queryExistingReceiver -->
        <test-method status="PASS" signature="queryExistingReceiver(java.lang.String, java.lang.String)[pri:0, instance:com.l1.interop.SPSPClientProxyFunctionalTest@337d0578]" name="queryExistingReceiver" duration-ms="406" started-at="2016-10-28T09:52:20Z" data-provider="spspclientproxy_query_positive" finished-at="2016-10-28T09:52:21Z">
          <params>
            <param index="0">
              <value>
                <![CDATA[Alice]]>
              </value>
            </param>
            <param index="1">
              <value>
                <![CDATA[http://ec2-52-37-54-209.us-west-2.compute.amazonaws.com:3046/v1/receivers/alice]]>
              </value>
            </param>
          </params>
          <reporter-output>
          </reporter-output>
        </test-method> <!-- queryExistingReceiver -->
        <test-method status="PASS" signature="queryNonExistingReceiver(java.lang.String, java.lang.String)[pri:0, instance:com.l1.interop.SPSPClientProxyFunctionalTest@337d0578]" name="queryNonExistingReceiver" duration-ms="270" started-at="2016-10-28T09:52:21Z" data-provider="spspclientproxy_query_negative" finished-at="2016-10-28T09:52:21Z">
          <params>
            <param index="0">
              <value>
                <![CDATA[Murthy]]>
              </value>
            </param>
            <param index="1">
              <value>
                <![CDATA[http://ec2-52-37-54-209.us-west-2.compute.amazonaws.com:3046/v1/receivers/murthy]]>
              </value>
            </param>
          </params>
          <reporter-output>
          </reporter-output>
        </test-method> <!-- queryNonExistingReceiver -->
        <test-method status="PASS" signature="quoteSourceAmountForExistingReceiver(java.lang.String, java.lang.String)[pri:0, instance:com.l1.interop.SPSPClientProxyFunctionalTest@337d0578]" name="quoteSourceAmountForExistingReceiver" duration-ms="604" started-at="2016-10-28T09:52:21Z" data-provider="spspclientproxy_query_positive" finished-at="2016-10-28T09:52:21Z">
          <params>
            <param index="0">
              <value>
                <![CDATA[Bob]]>
              </value>
            </param>
            <param index="1">
              <value>
                <![CDATA[http://ec2-52-37-54-209.us-west-2.compute.amazonaws.com:3046/v1/receivers/bob]]>
              </value>
            </param>
          </params>
          <reporter-output>
          </reporter-output>
        </test-method> <!-- quoteSourceAmountForExistingReceiver -->
        <test-method status="PASS" signature="quoteSourceAmountForExistingReceiver(java.lang.String, java.lang.String)[pri:0, instance:com.l1.interop.SPSPClientProxyFunctionalTest@337d0578]" name="quoteSourceAmountForExistingReceiver" duration-ms="588" started-at="2016-10-28T09:52:21Z" data-provider="spspclientproxy_query_positive" finished-at="2016-10-28T09:52:22Z">
          <params>
            <param index="0">
              <value>
                <![CDATA[Alice]]>
              </value>
            </param>
            <param index="1">
              <value>
                <![CDATA[http://ec2-52-37-54-209.us-west-2.compute.amazonaws.com:3046/v1/receivers/alice]]>
              </value>
            </param>
          </params>
          <reporter-output>
          </reporter-output>
        </test-method> <!-- quoteSourceAmountForExistingReceiver -->
        <test-method status="PASS" signature="quoteSourceAmountForNonExistingReceiver(java.lang.String, java.lang.String)[pri:0, instance:com.l1.interop.SPSPClientProxyFunctionalTest@337d0578]" name="quoteSourceAmountForNonExistingReceiver" duration-ms="183" started-at="2016-10-28T09:52:22Z" data-provider="spspclientproxy_query_negative" finished-at="2016-10-28T09:52:22Z">
          <params>
            <param index="0">
              <value>
                <![CDATA[Murthy]]>
              </value>
            </param>
            <param index="1">
              <value>
                <![CDATA[http://ec2-52-37-54-209.us-west-2.compute.amazonaws.com:3046/v1/receivers/murthy]]>
              </value>
            </param>
          </params>
          <reporter-output>
          </reporter-output>
        </test-method> <!-- quoteSourceAmountForNonExistingReceiver -->
        <test-method status="PASS" signature="setUpExistingReceiver()[pri:0, instance:com.l1.interop.SPSPClientProxyFunctionalTest@337d0578]" name="setUpExistingReceiver" duration-ms="373" started-at="2016-10-28T09:52:22Z" finished-at="2016-10-28T09:52:23Z">
          <reporter-output>
          </reporter-output>
        </test-method> <!-- setUpExistingReceiver -->
        <test-method status="PASS" signature="setUpNonExistingReceiver()[pri:0, instance:com.l1.interop.SPSPClientProxyFunctionalTest@337d0578]" name="setUpNonExistingReceiver" duration-ms="249" started-at="2016-10-28T09:52:23Z" finished-at="2016-10-28T09:52:23Z">
          <reporter-output>
          </reporter-output>
        </test-method> <!-- setUpNonExistingReceiver -->
      </class> <!-- com.l1.interop.SPSPClientProxyFunctionalTest -->
      <class name="com.l1.interop.DirectoryFunctionalTest">
        <test-method status="PASS" signature="beforeClass()[pri:0, instance:com.l1.interop.DirectoryFunctionalTest@7ca48474]" name="beforeClass" is-config="true" duration-ms="5" started-at="2016-10-28T09:52:05Z" finished-at="2016-10-28T09:52:05Z">
          <reporter-output>
          </reporter-output>
        </test-method> <!-- beforeClass -->
        <test-method status="PASS" signature="lookupExistingUser(java.lang.String)[pri:0, instance:com.l1.interop.DirectoryFunctionalTest@7ca48474]" name="lookupExistingUser" duration-ms="1426" started-at="2016-10-28T09:52:05Z" description="Look up users that are already added to the Directory." data-provider="directory_positive" finished-at="2016-10-28T09:52:07Z">
          <params>
            <param index="0">
              <value>
                <![CDATA[bob]]>
              </value>
            </param>
          </params>
          <reporter-output>
          </reporter-output>
        </test-method> <!-- lookupExistingUser -->
        <test-method status="PASS" signature="lookupExistingUser(java.lang.String)[pri:0, instance:com.l1.interop.DirectoryFunctionalTest@7ca48474]" name="lookupExistingUser" duration-ms="225" started-at="2016-10-28T09:52:07Z" description="Look up users that are already added to the Directory." data-provider="directory_positive" finished-at="2016-10-28T09:52:07Z">
          <params>
            <param index="0">
              <value>
                <![CDATA[alice]]>
              </value>
            </param>
          </params>
          <reporter-output>
          </reporter-output>
        </test-method> <!-- lookupExistingUser -->
        <test-method status="PASS" signature="lookupNonExistingUser(java.lang.String)[pri:0, instance:com.l1.interop.DirectoryFunctionalTest@7ca48474]" name="lookupNonExistingUser" duration-ms="210" started-at="2016-10-28T09:52:07Z" description="Look up users that are not added to the Directory." data-provider="directory_negative" finished-at="2016-10-28T09:52:07Z">
          <params>
            <param index="0">
              <value>
                <![CDATA[murthy1]]>
              </value>
            </param>
          </params>
          <reporter-output>
          </reporter-output>
        </test-method> <!-- lookupNonExistingUser -->
      </class> <!-- com.l1.interop.DirectoryFunctionalTest -->
    </test> <!-- Command line test -->
  </suite> <!-- Command line suite -->
</testng-results>
